2023-11-11 16:52:19,290 - Enail id set
2023-11-11 16:52:19,725 - Password set
2023-11-11 16:52:19,925 - click on login buuton
2023-11-11 16:52:19,944 - Test Case Failed......
2023-11-11 16:52:21,321 - Enail id set
2023-11-11 16:52:21,688 - Password set
2023-11-11 16:52:28,842 - click on login buuton
2023-11-11 16:52:28,869 - Test case passed....
2023-11-11 16:53:12,706 - Enail id set
2023-11-11 16:53:13,081 - Password set
2023-11-11 16:53:13,235 - click on login buuton
2023-11-11 16:53:13,257 - Test Case Failed......
2023-11-11 16:53:45,791 - Enail id set
2023-11-11 16:53:46,151 - Password set
2023-11-11 16:53:46,314 - click on login buuton
2023-11-11 16:53:46,325 - Test Case Failed......
2023-11-11 16:53:47,503 - Enail id set
2023-11-11 16:53:47,862 - Password set
2023-11-11 16:53:55,155 - click on login buuton
2023-11-11 16:53:55,190 - Test case passed....
2023-11-11 16:54:56,649 - Enail id set
2023-11-11 16:54:56,977 - Password set
2023-11-11 16:55:04,417 - click on login buuton
2023-11-11 16:55:04,490 - Test case passed....
2023-11-11 16:55:07,640 - Successfully looged off
2023-11-11 16:56:11,074 - Enail id set
2023-11-11 16:56:11,396 - Password set
2023-11-11 16:56:16,422 - click on login buuton
2023-11-11 16:56:16,455 - Test case passed....
2023-11-11 16:56:19,423 - Successfully looged off
2023-11-11 16:57:33,250 - Enail id set
2023-11-11 16:57:33,558 - Password set
2023-11-11 16:57:41,134 - click on login buuton
2023-11-11 16:57:41,174 - Test case passed....
2023-11-11 16:57:43,347 - Successfully looged off
2023-11-11 17:04:28,549 - Enail id set
2023-11-11 17:04:28,933 - Password set
2023-11-11 17:04:37,516 - click on login buuton
2023-11-11 17:04:37,545 - Test case passed....
2023-11-11 17:04:39,959 - Successfully looged off
